[0.124s] DEBUG:colcon:Command line arguments: ['/usr/bin/colcon', 'build']
[0.124s] DEBUG:colcon:Parsed command line arguments: Namespace(log_base=None, log_level=None, verb_name='build', build_base='build', install_base='install', merge_install=False, symlink_install=False, test_result_base=None, continue_on_error=False, executor='parallel', parallel_workers=32, event_handlers=None, ignore_user_meta=False, metas=['./colcon.meta'], base_paths=['.'], packages_ignore=None, packages_ignore_regex=None, paths=None, packages_up_to=None, packages_up_to_regex=None, packages_above=None, packages_above_and_dependencies=None, packages_above_depth=None, packages_select_by_dep=None, packages_skip_by_dep=None, packages_skip_up_to=None, packages_select_build_failed=False, packages_skip_build_finished=False, packages_select_test_failures=False, packages_skip_test_passed=False, packages_select=None, packages_skip=None, packages_select_regex=None, packages_skip_regex=None, packages_start=None, packages_end=None, allow_overriding=[], cmake_args=None, cmake_target=None, cmake_target_skip_unavailable=False, cmake_clean_cache=False, cmake_clean_first=False, cmake_force_configure=False, ament_cmake_args=None, catkin_cmake_args=None, catkin_skip_building_tests=False, mixin_files=None, mixin=None, verb_parser=<colcon_mixin.mixin.mixin_argument.MixinArgumentDecorator object at 0x76780833f610>, verb_extension=<colcon_core.verb.build.BuildVerb object at 0x767808453ca0>, main=<bound method BuildVerb.main of <colcon_core.verb.build.BuildVerb object at 0x767808453ca0>>, mixin_verb=('build',))
[0.158s] Level 1:colcon.colcon_core.package_discovery:discover_packages(colcon_meta) check parameters
[0.158s] Level 1:colcon.colcon_core.package_discovery:discover_packages(recursive) check parameters
[0.158s] Level 1:colcon.colcon_core.package_discovery:discover_packages(ignore) check parameters
[0.158s] Level 1:colcon.colcon_core.package_discovery:discover_packages(path) check parameters
[0.158s] Level 1:colcon.colcon_core.package_discovery:discover_packages(colcon_meta) discover
[0.158s] Level 1:colcon.colcon_core.package_discovery:discover_packages(recursive) discover
[0.158s] INFO:colcon.colcon_core.package_discovery:Crawling recursively for packages in '/home/moonlab/Desktop/New-Tether/tether_drone_rover_sim-main'
[0.159s] Level 1:colcon.colcon_core.package_identification:_identify(.) by extensions ['ignore', 'ignore_ament_install']
[0.159s] Level 1:colcon.colcon_core.package_identification:_identify(.) by extension 'ignore'
[0.159s] Level 1:colcon.colcon_core.package_identification:_identify(.) by extension 'ignore_ament_install'
[0.159s] Level 1:colcon.colcon_core.package_identification:_identify(.) by extensions ['colcon_pkg']
[0.159s] Level 1:colcon.colcon_core.package_identification:_identify(.) by extension 'colcon_pkg'
[0.159s] Level 1:colcon.colcon_core.package_identification:_identify(.) by extensions ['colcon_meta']
[0.159s] Level 1:colcon.colcon_core.package_identification:_identify(.) by extension 'colcon_meta'
[0.159s] Level 1:colcon.colcon_core.package_identification:_identify(.) by extensions ['ros']
[0.159s] Level 1:colcon.colcon_core.package_identification:_identify(.) by extension 'ros'
[0.169s] Level 1:colcon.colcon_core.package_identification:_identify(.) by extensions ['cmake', 'python']
[0.169s] Level 1:colcon.colcon_core.package_identification:_identify(.) by extension 'cmake'
[0.169s] Level 1:colcon.colcon_core.package_identification:_identify(.) by extension 'python'
[0.169s] Level 1:colcon.colcon_core.package_identification:_identify(.) by extensions ['python_setup_py']
[0.169s] Level 1:colcon.colcon_core.package_identification:_identify(.) by extension 'python_setup_py'
[0.169s] Level 1:colcon.colcon_core.package_identification:_identify(assets) by extensions ['ignore', 'ignore_ament_install']
[0.169s] Level 1:colcon.colcon_core.package_identification:_identify(assets) by extension 'ignore'
[0.169s] Level 1:colcon.colcon_core.package_identification:_identify(assets) by extension 'ignore_ament_install'
[0.169s] Level 1:colcon.colcon_core.package_identification:_identify(assets) by extensions ['colcon_pkg']
[0.169s] Level 1:colcon.colcon_core.package_identification:_identify(assets) by extension 'colcon_pkg'
[0.169s] Level 1:colcon.colcon_core.package_identification:_identify(assets) by extensions ['colcon_meta']
[0.169s] Level 1:colcon.colcon_core.package_identification:_identify(assets) by extension 'colcon_meta'
[0.169s] Level 1:colcon.colcon_core.package_identification:_identify(assets) by extensions ['ros']
[0.169s] Level 1:colcon.colcon_core.package_identification:_identify(assets) by extension 'ros'
[0.169s] Level 1:colcon.colcon_core.package_identification:_identify(assets) by extensions ['cmake', 'python']
[0.170s] Level 1:colcon.colcon_core.package_identification:_identify(assets) by extension 'cmake'
[0.170s] Level 1:colcon.colcon_core.package_identification:_identify(assets) by extension 'python'
[0.170s] Level 1:colcon.colcon_core.package_identification:_identify(assets) by extensions ['python_setup_py']
[0.170s] Level 1:colcon.colcon_core.package_identification:_identify(assets) by extension 'python_setup_py'
[0.170s] Level 1:colcon.colcon_core.package_identification:_identify(build) by extensions ['ignore', 'ignore_ament_install']
[0.170s] Level 1:colcon.colcon_core.package_identification:_identify(build) by extension 'ignore'
[0.170s] Level 1:colcon.colcon_core.package_identification:_identify(build) ignored
[0.170s] Level 1:colcon.colcon_core.package_identification:_identify(install) by extensions ['ignore', 'ignore_ament_install']
[0.170s] Level 1:colcon.colcon_core.package_identification:_identify(install) by extension 'ignore'
[0.170s] Level 1:colcon.colcon_core.package_identification:_identify(install) ignored
[0.170s] Level 1:colcon.colcon_core.package_identification:_identify(log) by extensions ['ignore', 'ignore_ament_install']
[0.170s] Level 1:colcon.colcon_core.package_identification:_identify(log) by extension 'ignore'
[0.170s] Level 1:colcon.colcon_core.package_identification:_identify(log) ignored
[0.170s] Level 1:colcon.colcon_core.package_identification:_identify(scripts) by extensions ['ignore', 'ignore_ament_install']
[0.170s] Level 1:colcon.colcon_core.package_identification:_identify(scripts) by extension 'ignore'
[0.170s] Level 1:colcon.colcon_core.package_identification:_identify(scripts) by extension 'ignore_ament_install'
[0.170s] Level 1:colcon.colcon_core.package_identification:_identify(scripts) by extensions ['colcon_pkg']
[0.170s] Level 1:colcon.colcon_core.package_identification:_identify(scripts) by extension 'colcon_pkg'
[0.170s] Level 1:colcon.colcon_core.package_identification:_identify(scripts) by extensions ['colcon_meta']
[0.170s] Level 1:colcon.colcon_core.package_identification:_identify(scripts) by extension 'colcon_meta'
[0.170s] Level 1:colcon.colcon_core.package_identification:_identify(scripts) by extensions ['ros']
[0.170s] Level 1:colcon.colcon_core.package_identification:_identify(scripts) by extension 'ros'
[0.170s] Level 1:colcon.colcon_core.package_identification:_identify(scripts) by extensions ['cmake', 'python']
[0.170s] Level 1:colcon.colcon_core.package_identification:_identify(scripts) by extension 'cmake'
[0.170s] Level 1:colcon.colcon_core.package_identification:_identify(scripts) by extension 'python'
[0.170s] Level 1:colcon.colcon_core.package_identification:_identify(scripts) by extensions ['python_setup_py']
[0.170s] Level 1:colcon.colcon_core.package_identification:_identify(scripts) by extension 'python_setup_py'
[0.170s] Level 1:colcon.colcon_core.package_identification:_identify(scripts/__pycache__) by extensions ['ignore', 'ignore_ament_install']
[0.170s] Level 1:colcon.colcon_core.package_identification:_identify(scripts/__pycache__) by extension 'ignore'
[0.170s] Level 1:colcon.colcon_core.package_identification:_identify(scripts/__pycache__) by extension 'ignore_ament_install'
[0.170s] Level 1:colcon.colcon_core.package_identification:_identify(scripts/__pycache__) by extensions ['colcon_pkg']
[0.171s] Level 1:colcon.colcon_core.package_identification:_identify(scripts/__pycache__) by extension 'colcon_pkg'
[0.171s] Level 1:colcon.colcon_core.package_identification:_identify(scripts/__pycache__) by extensions ['colcon_meta']
[0.171s] Level 1:colcon.colcon_core.package_identification:_identify(scripts/__pycache__) by extension 'colcon_meta'
[0.171s] Level 1:colcon.colcon_core.package_identification:_identify(scripts/__pycache__) by extensions ['ros']
[0.171s] Level 1:colcon.colcon_core.package_identification:_identify(scripts/__pycache__) by extension 'ros'
[0.171s] Level 1:colcon.colcon_core.package_identification:_identify(scripts/__pycache__) by extensions ['cmake', 'python']
[0.171s] Level 1:colcon.colcon_core.package_identification:_identify(scripts/__pycache__) by extension 'cmake'
[0.171s] Level 1:colcon.colcon_core.package_identification:_identify(scripts/__pycache__) by extension 'python'
[0.171s] Level 1:colcon.colcon_core.package_identification:_identify(scripts/__pycache__) by extensions ['python_setup_py']
[0.171s] Level 1:colcon.colcon_core.package_identification:_identify(scripts/__pycache__) by extension 'python_setup_py'
[0.171s] Level 1:colcon.colcon_core.package_identification:_identify(worlds) by extensions ['ignore', 'ignore_ament_install']
[0.171s] Level 1:colcon.colcon_core.package_identification:_identify(worlds) by extension 'ignore'
[0.171s] Level 1:colcon.colcon_core.package_identification:_identify(worlds) by extension 'ignore_ament_install'
[0.171s] Level 1:colcon.colcon_core.package_identification:_identify(worlds) by extensions ['colcon_pkg']
[0.171s] Level 1:colcon.colcon_core.package_identification:_identify(worlds) by extension 'colcon_pkg'
[0.171s] Level 1:colcon.colcon_core.package_identification:_identify(worlds) by extensions ['colcon_meta']
[0.171s] Level 1:colcon.colcon_core.package_identification:_identify(worlds) by extension 'colcon_meta'
[0.171s] Level 1:colcon.colcon_core.package_identification:_identify(worlds) by extensions ['ros']
[0.171s] Level 1:colcon.colcon_core.package_identification:_identify(worlds) by extension 'ros'
[0.171s] Level 1:colcon.colcon_core.package_identification:_identify(worlds) by extensions ['cmake', 'python']
[0.171s] Level 1:colcon.colcon_core.package_identification:_identify(worlds) by extension 'cmake'
[0.171s] Level 1:colcon.colcon_core.package_identification:_identify(worlds) by extension 'python'
[0.171s] Level 1:colcon.colcon_core.package_identification:_identify(worlds) by extensions ['python_setup_py']
[0.171s] Level 1:colcon.colcon_core.package_identification:_identify(worlds) by extension 'python_setup_py'
[0.171s] Level 1:colcon.colcon_core.package_identification:_identify(worlds/COSTAR_HUSKY_SENSOR_CONFIG_1) by extensions ['ignore', 'ignore_ament_install']
[0.171s] Level 1:colcon.colcon_core.package_identification:_identify(worlds/COSTAR_HUSKY_SENSOR_CONFIG_1) by extension 'ignore'
[0.171s] Level 1:colcon.colcon_core.package_identification:_identify(worlds/COSTAR_HUSKY_SENSOR_CONFIG_1) by extension 'ignore_ament_install'
[0.171s] Level 1:colcon.colcon_core.package_identification:_identify(worlds/COSTAR_HUSKY_SENSOR_CONFIG_1) by extensions ['colcon_pkg']
[0.171s] Level 1:colcon.colcon_core.package_identification:_identify(worlds/COSTAR_HUSKY_SENSOR_CONFIG_1) by extension 'colcon_pkg'
[0.171s] Level 1:colcon.colcon_core.package_identification:_identify(worlds/COSTAR_HUSKY_SENSOR_CONFIG_1) by extensions ['colcon_meta']
[0.171s] Level 1:colcon.colcon_core.package_identification:_identify(worlds/COSTAR_HUSKY_SENSOR_CONFIG_1) by extension 'colcon_meta'
[0.171s] Level 1:colcon.colcon_core.package_identification:_identify(worlds/COSTAR_HUSKY_SENSOR_CONFIG_1) by extensions ['ros']
[0.171s] Level 1:colcon.colcon_core.package_identification:_identify(worlds/COSTAR_HUSKY_SENSOR_CONFIG_1) by extension 'ros'
[0.171s] Level 1:colcon.colcon_core.package_identification:_identify(worlds/COSTAR_HUSKY_SENSOR_CONFIG_1) by extensions ['cmake', 'python']
[0.171s] Level 1:colcon.colcon_core.package_identification:_identify(worlds/COSTAR_HUSKY_SENSOR_CONFIG_1) by extension 'cmake'
[0.171s] Level 1:colcon.colcon_core.package_identification:_identify(worlds/COSTAR_HUSKY_SENSOR_CONFIG_1) by extension 'python'
[0.171s] Level 1:colcon.colcon_core.package_identification:_identify(worlds/COSTAR_HUSKY_SENSOR_CONFIG_1) by extensions ['python_setup_py']
[0.171s] Level 1:colcon.colcon_core.package_identification:_identify(worlds/COSTAR_HUSKY_SENSOR_CONFIG_1) by extension 'python_setup_py'
[0.172s] Level 1:colcon.colcon_core.package_identification:_identify(worlds/COSTAR_HUSKY_SENSOR_CONFIG_1/materials) by extensions ['ignore', 'ignore_ament_install']
[0.172s] Level 1:colcon.colcon_core.package_identification:_identify(worlds/COSTAR_HUSKY_SENSOR_CONFIG_1/materials) by extension 'ignore'
[0.172s] Level 1:colcon.colcon_core.package_identification:_identify(worlds/COSTAR_HUSKY_SENSOR_CONFIG_1/materials) by extension 'ignore_ament_install'
[0.172s] Level 1:colcon.colcon_core.package_identification:_identify(worlds/COSTAR_HUSKY_SENSOR_CONFIG_1/materials) by extensions ['colcon_pkg']
[0.172s] Level 1:colcon.colcon_core.package_identification:_identify(worlds/COSTAR_HUSKY_SENSOR_CONFIG_1/materials) by extension 'colcon_pkg'
[0.172s] Level 1:colcon.colcon_core.package_identification:_identify(worlds/COSTAR_HUSKY_SENSOR_CONFIG_1/materials) by extensions ['colcon_meta']
[0.172s] Level 1:colcon.colcon_core.package_identification:_identify(worlds/COSTAR_HUSKY_SENSOR_CONFIG_1/materials) by extension 'colcon_meta'
[0.172s] Level 1:colcon.colcon_core.package_identification:_identify(worlds/COSTAR_HUSKY_SENSOR_CONFIG_1/materials) by extensions ['ros']
[0.172s] Level 1:colcon.colcon_core.package_identification:_identify(worlds/COSTAR_HUSKY_SENSOR_CONFIG_1/materials) by extension 'ros'
[0.172s] Level 1:colcon.colcon_core.package_identification:_identify(worlds/COSTAR_HUSKY_SENSOR_CONFIG_1/materials) by extensions ['cmake', 'python']
[0.172s] Level 1:colcon.colcon_core.package_identification:_identify(worlds/COSTAR_HUSKY_SENSOR_CONFIG_1/materials) by extension 'cmake'
[0.172s] Level 1:colcon.colcon_core.package_identification:_identify(worlds/COSTAR_HUSKY_SENSOR_CONFIG_1/materials) by extension 'python'
[0.172s] Level 1:colcon.colcon_core.package_identification:_identify(worlds/COSTAR_HUSKY_SENSOR_CONFIG_1/materials) by extensions ['python_setup_py']
[0.172s] Level 1:colcon.colcon_core.package_identification:_identify(worlds/COSTAR_HUSKY_SENSOR_CONFIG_1/materials) by extension 'python_setup_py'
[0.172s] Level 1:colcon.colcon_core.package_identification:_identify(worlds/COSTAR_HUSKY_SENSOR_CONFIG_1/materials/textures) by extensions ['ignore', 'ignore_ament_install']
[0.172s] Level 1:colcon.colcon_core.package_identification:_identify(worlds/COSTAR_HUSKY_SENSOR_CONFIG_1/materials/textures) by extension 'ignore'
[0.172s] Level 1:colcon.colcon_core.package_identification:_identify(worlds/COSTAR_HUSKY_SENSOR_CONFIG_1/materials/textures) by extension 'ignore_ament_install'
[0.172s] Level 1:colcon.colcon_core.package_identification:_identify(worlds/COSTAR_HUSKY_SENSOR_CONFIG_1/materials/textures) by extensions ['colcon_pkg']
[0.172s] Level 1:colcon.colcon_core.package_identification:_identify(worlds/COSTAR_HUSKY_SENSOR_CONFIG_1/materials/textures) by extension 'colcon_pkg'
[0.172s] Level 1:colcon.colcon_core.package_identification:_identify(worlds/COSTAR_HUSKY_SENSOR_CONFIG_1/materials/textures) by extensions ['colcon_meta']
[0.172s] Level 1:colcon.colcon_core.package_identification:_identify(worlds/COSTAR_HUSKY_SENSOR_CONFIG_1/materials/textures) by extension 'colcon_meta'
[0.172s] Level 1:colcon.colcon_core.package_identification:_identify(worlds/COSTAR_HUSKY_SENSOR_CONFIG_1/materials/textures) by extensions ['ros']
[0.172s] Level 1:colcon.colcon_core.package_identification:_identify(worlds/COSTAR_HUSKY_SENSOR_CONFIG_1/materials/textures) by extension 'ros'
[0.172s] Level 1:colcon.colcon_core.package_identification:_identify(worlds/COSTAR_HUSKY_SENSOR_CONFIG_1/materials/textures) by extensions ['cmake', 'python']
[0.172s] Level 1:colcon.colcon_core.package_identification:_identify(worlds/COSTAR_HUSKY_SENSOR_CONFIG_1/materials/textures) by extension 'cmake'
[0.172s] Level 1:colcon.colcon_core.package_identification:_identify(worlds/COSTAR_HUSKY_SENSOR_CONFIG_1/materials/textures) by extension 'python'
[0.172s] Level 1:colcon.colcon_core.package_identification:_identify(worlds/COSTAR_HUSKY_SENSOR_CONFIG_1/materials/textures) by extensions ['python_setup_py']
[0.172s] Level 1:colcon.colcon_core.package_identification:_identify(worlds/COSTAR_HUSKY_SENSOR_CONFIG_1/materials/textures) by extension 'python_setup_py'
[0.172s] Level 1:colcon.colcon_core.package_identification:_identify(worlds/COSTAR_HUSKY_SENSOR_CONFIG_1/meshes) by extensions ['ignore', 'ignore_ament_install']
[0.172s] Level 1:colcon.colcon_core.package_identification:_identify(worlds/COSTAR_HUSKY_SENSOR_CONFIG_1/meshes) by extension 'ignore'
[0.172s] Level 1:colcon.colcon_core.package_identification:_identify(worlds/COSTAR_HUSKY_SENSOR_CONFIG_1/meshes) by extension 'ignore_ament_install'
[0.172s] Level 1:colcon.colcon_core.package_identification:_identify(worlds/COSTAR_HUSKY_SENSOR_CONFIG_1/meshes) by extensions ['colcon_pkg']
[0.172s] Level 1:colcon.colcon_core.package_identification:_identify(worlds/COSTAR_HUSKY_SENSOR_CONFIG_1/meshes) by extension 'colcon_pkg'
[0.173s] Level 1:colcon.colcon_core.package_identification:_identify(worlds/COSTAR_HUSKY_SENSOR_CONFIG_1/meshes) by extensions ['colcon_meta']
[0.173s] Level 1:colcon.colcon_core.package_identification:_identify(worlds/COSTAR_HUSKY_SENSOR_CONFIG_1/meshes) by extension 'colcon_meta'
[0.173s] Level 1:colcon.colcon_core.package_identification:_identify(worlds/COSTAR_HUSKY_SENSOR_CONFIG_1/meshes) by extensions ['ros']
[0.173s] Level 1:colcon.colcon_core.package_identification:_identify(worlds/COSTAR_HUSKY_SENSOR_CONFIG_1/meshes) by extension 'ros'
[0.173s] Level 1:colcon.colcon_core.package_identification:_identify(worlds/COSTAR_HUSKY_SENSOR_CONFIG_1/meshes) by extensions ['cmake', 'python']
[0.173s] Level 1:colcon.colcon_core.package_identification:_identify(worlds/COSTAR_HUSKY_SENSOR_CONFIG_1/meshes) by extension 'cmake'
[0.173s] Level 1:colcon.colcon_core.package_identification:_identify(worlds/COSTAR_HUSKY_SENSOR_CONFIG_1/meshes) by extension 'python'
[0.173s] Level 1:colcon.colcon_core.package_identification:_identify(worlds/COSTAR_HUSKY_SENSOR_CONFIG_1/meshes) by extensions ['python_setup_py']
[0.173s] Level 1:colcon.colcon_core.package_identification:_identify(worlds/COSTAR_HUSKY_SENSOR_CONFIG_1/meshes) by extension 'python_setup_py'
[0.173s] Level 1:colcon.colcon_core.package_identification:_identify(worlds/COSTAR_HUSKY_SENSOR_CONFIG_1/thumbnails) by extensions ['ignore', 'ignore_ament_install']
[0.173s] Level 1:colcon.colcon_core.package_identification:_identify(worlds/COSTAR_HUSKY_SENSOR_CONFIG_1/thumbnails) by extension 'ignore'
[0.173s] Level 1:colcon.colcon_core.package_identification:_identify(worlds/COSTAR_HUSKY_SENSOR_CONFIG_1/thumbnails) by extension 'ignore_ament_install'
[0.173s] Level 1:colcon.colcon_core.package_identification:_identify(worlds/COSTAR_HUSKY_SENSOR_CONFIG_1/thumbnails) by extensions ['colcon_pkg']
[0.173s] Level 1:colcon.colcon_core.package_identification:_identify(worlds/COSTAR_HUSKY_SENSOR_CONFIG_1/thumbnails) by extension 'colcon_pkg'
[0.173s] Level 1:colcon.colcon_core.package_identification:_identify(worlds/COSTAR_HUSKY_SENSOR_CONFIG_1/thumbnails) by extensions ['colcon_meta']
[0.173s] Level 1:colcon.colcon_core.package_identification:_identify(worlds/COSTAR_HUSKY_SENSOR_CONFIG_1/thumbnails) by extension 'colcon_meta'
[0.173s] Level 1:colcon.colcon_core.package_identification:_identify(worlds/COSTAR_HUSKY_SENSOR_CONFIG_1/thumbnails) by extensions ['ros']
[0.173s] Level 1:colcon.colcon_core.package_identification:_identify(worlds/COSTAR_HUSKY_SENSOR_CONFIG_1/thumbnails) by extension 'ros'
[0.173s] Level 1:colcon.colcon_core.package_identification:_identify(worlds/COSTAR_HUSKY_SENSOR_CONFIG_1/thumbnails) by extensions ['cmake', 'python']
[0.173s] Level 1:colcon.colcon_core.package_identification:_identify(worlds/COSTAR_HUSKY_SENSOR_CONFIG_1/thumbnails) by extension 'cmake'
[0.173s] Level 1:colcon.colcon_core.package_identification:_identify(worlds/COSTAR_HUSKY_SENSOR_CONFIG_1/thumbnails) by extension 'python'
[0.173s] Level 1:colcon.colcon_core.package_identification:_identify(worlds/COSTAR_HUSKY_SENSOR_CONFIG_1/thumbnails) by extensions ['python_setup_py']
[0.173s] Level 1:colcon.colcon_core.package_identification:_identify(worlds/COSTAR_HUSKY_SENSOR_CONFIG_1/thumbnails) by extension 'python_setup_py'
[0.173s] Level 1:colcon.colcon_core.package_identification:_identify(worlds/COSTAR_HUSKY_SENSOR_CONFIG_1/worlds) by extensions ['ignore', 'ignore_ament_install']
[0.173s] Level 1:colcon.colcon_core.package_identification:_identify(worlds/COSTAR_HUSKY_SENSOR_CONFIG_1/worlds) by extension 'ignore'
[0.173s] Level 1:colcon.colcon_core.package_identification:_identify(worlds/COSTAR_HUSKY_SENSOR_CONFIG_1/worlds) by extension 'ignore_ament_install'
[0.173s] Level 1:colcon.colcon_core.package_identification:_identify(worlds/COSTAR_HUSKY_SENSOR_CONFIG_1/worlds) by extensions ['colcon_pkg']
[0.173s] Level 1:colcon.colcon_core.package_identification:_identify(worlds/COSTAR_HUSKY_SENSOR_CONFIG_1/worlds) by extension 'colcon_pkg'
[0.173s] Level 1:colcon.colcon_core.package_identification:_identify(worlds/COSTAR_HUSKY_SENSOR_CONFIG_1/worlds) by extensions ['colcon_meta']
[0.173s] Level 1:colcon.colcon_core.package_identification:_identify(worlds/COSTAR_HUSKY_SENSOR_CONFIG_1/worlds) by extension 'colcon_meta'
[0.173s] Level 1:colcon.colcon_core.package_identification:_identify(worlds/COSTAR_HUSKY_SENSOR_CONFIG_1/worlds) by extensions ['ros']
[0.173s] Level 1:colcon.colcon_core.package_identification:_identify(worlds/COSTAR_HUSKY_SENSOR_CONFIG_1/worlds) by extension 'ros'
[0.173s] Level 1:colcon.colcon_core.package_identification:_identify(worlds/COSTAR_HUSKY_SENSOR_CONFIG_1/worlds) by extensions ['cmake', 'python']
[0.173s] Level 1:colcon.colcon_core.package_identification:_identify(worlds/COSTAR_HUSKY_SENSOR_CONFIG_1/worlds) by extension 'cmake'
[0.173s] Level 1:colcon.colcon_core.package_identification:_identify(worlds/COSTAR_HUSKY_SENSOR_CONFIG_1/worlds) by extension 'python'
[0.173s] Level 1:colcon.colcon_core.package_identification:_identify(worlds/COSTAR_HUSKY_SENSOR_CONFIG_1/worlds) by extensions ['python_setup_py']
[0.173s] Level 1:colcon.colcon_core.package_identification:_identify(worlds/COSTAR_HUSKY_SENSOR_CONFIG_1/worlds) by extension 'python_setup_py'
[0.174s] Level 1:colcon.colcon_core.package_identification:_identify(worlds/Clearpath_Robotics_Husky_A200) by extensions ['ignore', 'ignore_ament_install']
[0.174s] Level 1:colcon.colcon_core.package_identification:_identify(worlds/Clearpath_Robotics_Husky_A200) by extension 'ignore'
[0.174s] Level 1:colcon.colcon_core.package_identification:_identify(worlds/Clearpath_Robotics_Husky_A200) by extension 'ignore_ament_install'
[0.174s] Level 1:colcon.colcon_core.package_identification:_identify(worlds/Clearpath_Robotics_Husky_A200) by extensions ['colcon_pkg']
[0.174s] Level 1:colcon.colcon_core.package_identification:_identify(worlds/Clearpath_Robotics_Husky_A200) by extension 'colcon_pkg'
[0.174s] Level 1:colcon.colcon_core.package_identification:_identify(worlds/Clearpath_Robotics_Husky_A200) by extensions ['colcon_meta']
[0.174s] Level 1:colcon.colcon_core.package_identification:_identify(worlds/Clearpath_Robotics_Husky_A200) by extension 'colcon_meta'
[0.174s] Level 1:colcon.colcon_core.package_identification:_identify(worlds/Clearpath_Robotics_Husky_A200) by extensions ['ros']
[0.174s] Level 1:colcon.colcon_core.package_identification:_identify(worlds/Clearpath_Robotics_Husky_A200) by extension 'ros'
[0.174s] Level 1:colcon.colcon_core.package_identification:_identify(worlds/Clearpath_Robotics_Husky_A200) by extensions ['cmake', 'python']
[0.174s] Level 1:colcon.colcon_core.package_identification:_identify(worlds/Clearpath_Robotics_Husky_A200) by extension 'cmake'
[0.174s] Level 1:colcon.colcon_core.package_identification:_identify(worlds/Clearpath_Robotics_Husky_A200) by extension 'python'
[0.174s] Level 1:colcon.colcon_core.package_identification:_identify(worlds/Clearpath_Robotics_Husky_A200) by extensions ['python_setup_py']
[0.174s] Level 1:colcon.colcon_core.package_identification:_identify(worlds/Clearpath_Robotics_Husky_A200) by extension 'python_setup_py'
[0.174s] Level 1:colcon.colcon_core.package_identification:_identify(worlds/Clearpath_Robotics_Husky_A200/meshes) by extensions ['ignore', 'ignore_ament_install']
[0.174s] Level 1:colcon.colcon_core.package_identification:_identify(worlds/Clearpath_Robotics_Husky_A200/meshes) by extension 'ignore'
[0.174s] Level 1:colcon.colcon_core.package_identification:_identify(worlds/Clearpath_Robotics_Husky_A200/meshes) by extension 'ignore_ament_install'
[0.174s] Level 1:colcon.colcon_core.package_identification:_identify(worlds/Clearpath_Robotics_Husky_A200/meshes) by extensions ['colcon_pkg']
[0.174s] Level 1:colcon.colcon_core.package_identification:_identify(worlds/Clearpath_Robotics_Husky_A200/meshes) by extension 'colcon_pkg'
[0.174s] Level 1:colcon.colcon_core.package_identification:_identify(worlds/Clearpath_Robotics_Husky_A200/meshes) by extensions ['colcon_meta']
[0.174s] Level 1:colcon.colcon_core.package_identification:_identify(worlds/Clearpath_Robotics_Husky_A200/meshes) by extension 'colcon_meta'
[0.174s] Level 1:colcon.colcon_core.package_identification:_identify(worlds/Clearpath_Robotics_Husky_A200/meshes) by extensions ['ros']
[0.174s] Level 1:colcon.colcon_core.package_identification:_identify(worlds/Clearpath_Robotics_Husky_A200/meshes) by extension 'ros'
[0.174s] Level 1:colcon.colcon_core.package_identification:_identify(worlds/Clearpath_Robotics_Husky_A200/meshes) by extensions ['cmake', 'python']
[0.174s] Level 1:colcon.colcon_core.package_identification:_identify(worlds/Clearpath_Robotics_Husky_A200/meshes) by extension 'cmake'
[0.174s] Level 1:colcon.colcon_core.package_identification:_identify(worlds/Clearpath_Robotics_Husky_A200/meshes) by extension 'python'
[0.174s] Level 1:colcon.colcon_core.package_identification:_identify(worlds/Clearpath_Robotics_Husky_A200/meshes) by extensions ['python_setup_py']
[0.174s] Level 1:colcon.colcon_core.package_identification:_identify(worlds/Clearpath_Robotics_Husky_A200/meshes) by extension 'python_setup_py'
[0.174s] Level 1:colcon.colcon_core.package_identification:_identify(worlds/Clearpath_Robotics_Husky_A200/other_models) by extensions ['ignore', 'ignore_ament_install']
[0.174s] Level 1:colcon.colcon_core.package_identification:_identify(worlds/Clearpath_Robotics_Husky_A200/other_models) by extension 'ignore'
[0.174s] Level 1:colcon.colcon_core.package_identification:_identify(worlds/Clearpath_Robotics_Husky_A200/other_models) by extension 'ignore_ament_install'
[0.174s] Level 1:colcon.colcon_core.package_identification:_identify(worlds/Clearpath_Robotics_Husky_A200/other_models) by extensions ['colcon_pkg']
[0.174s] Level 1:colcon.colcon_core.package_identification:_identify(worlds/Clearpath_Robotics_Husky_A200/other_models) by extension 'colcon_pkg'
[0.174s] Level 1:colcon.colcon_core.package_identification:_identify(worlds/Clearpath_Robotics_Husky_A200/other_models) by extensions ['colcon_meta']
[0.174s] Level 1:colcon.colcon_core.package_identification:_identify(worlds/Clearpath_Robotics_Husky_A200/other_models) by extension 'colcon_meta'
[0.174s] Level 1:colcon.colcon_core.package_identification:_identify(worlds/Clearpath_Robotics_Husky_A200/other_models) by extensions ['ros']
[0.175s] Level 1:colcon.colcon_core.package_identification:_identify(worlds/Clearpath_Robotics_Husky_A200/other_models) by extension 'ros'
[0.175s] Level 1:colcon.colcon_core.package_identification:_identify(worlds/Clearpath_Robotics_Husky_A200/other_models) by extensions ['cmake', 'python']
[0.175s] Level 1:colcon.colcon_core.package_identification:_identify(worlds/Clearpath_Robotics_Husky_A200/other_models) by extension 'cmake'
[0.175s] Level 1:colcon.colcon_core.package_identification:_identify(worlds/Clearpath_Robotics_Husky_A200/other_models) by extension 'python'
[0.175s] Level 1:colcon.colcon_core.package_identification:_identify(worlds/Clearpath_Robotics_Husky_A200/other_models) by extensions ['python_setup_py']
[0.175s] Level 1:colcon.colcon_core.package_identification:_identify(worlds/Clearpath_Robotics_Husky_A200/other_models) by extension 'python_setup_py'
[0.175s] Level 1:colcon.colcon_core.package_identification:_identify(worlds/Clearpath_Robotics_Husky_A200/thumbnails) by extensions ['ignore', 'ignore_ament_install']
[0.175s] Level 1:colcon.colcon_core.package_identification:_identify(worlds/Clearpath_Robotics_Husky_A200/thumbnails) by extension 'ignore'
[0.175s] Level 1:colcon.colcon_core.package_identification:_identify(worlds/Clearpath_Robotics_Husky_A200/thumbnails) by extension 'ignore_ament_install'
[0.175s] Level 1:colcon.colcon_core.package_identification:_identify(worlds/Clearpath_Robotics_Husky_A200/thumbnails) by extensions ['colcon_pkg']
[0.175s] Level 1:colcon.colcon_core.package_identification:_identify(worlds/Clearpath_Robotics_Husky_A200/thumbnails) by extension 'colcon_pkg'
[0.175s] Level 1:colcon.colcon_core.package_identification:_identify(worlds/Clearpath_Robotics_Husky_A200/thumbnails) by extensions ['colcon_meta']
[0.175s] Level 1:colcon.colcon_core.package_identification:_identify(worlds/Clearpath_Robotics_Husky_A200/thumbnails) by extension 'colcon_meta'
[0.175s] Level 1:colcon.colcon_core.package_identification:_identify(worlds/Clearpath_Robotics_Husky_A200/thumbnails) by extensions ['ros']
[0.175s] Level 1:colcon.colcon_core.package_identification:_identify(worlds/Clearpath_Robotics_Husky_A200/thumbnails) by extension 'ros'
[0.175s] Level 1:colcon.colcon_core.package_identification:_identify(worlds/Clearpath_Robotics_Husky_A200/thumbnails) by extensions ['cmake', 'python']
[0.175s] Level 1:colcon.colcon_core.package_identification:_identify(worlds/Clearpath_Robotics_Husky_A200/thumbnails) by extension 'cmake'
[0.175s] Level 1:colcon.colcon_core.package_identification:_identify(worlds/Clearpath_Robotics_Husky_A200/thumbnails) by extension 'python'
[0.175s] Level 1:colcon.colcon_core.package_identification:_identify(worlds/Clearpath_Robotics_Husky_A200/thumbnails) by extensions ['python_setup_py']
[0.175s] Level 1:colcon.colcon_core.package_identification:_identify(worlds/Clearpath_Robotics_Husky_A200/thumbnails) by extension 'python_setup_py'
[0.175s] Level 1:colcon.colcon_core.package_identification:_identify(worlds/grasspatches) by extensions ['ignore', 'ignore_ament_install']
[0.175s] Level 1:colcon.colcon_core.package_identification:_identify(worlds/grasspatches) by extension 'ignore'
[0.175s] Level 1:colcon.colcon_core.package_identification:_identify(worlds/grasspatches) by extension 'ignore_ament_install'
[0.175s] Level 1:colcon.colcon_core.package_identification:_identify(worlds/grasspatches) by extensions ['colcon_pkg']
[0.175s] Level 1:colcon.colcon_core.package_identification:_identify(worlds/grasspatches) by extension 'colcon_pkg'
[0.175s] Level 1:colcon.colcon_core.package_identification:_identify(worlds/grasspatches) by extensions ['colcon_meta']
[0.175s] Level 1:colcon.colcon_core.package_identification:_identify(worlds/grasspatches) by extension 'colcon_meta'
[0.175s] Level 1:colcon.colcon_core.package_identification:_identify(worlds/grasspatches) by extensions ['ros']
[0.175s] Level 1:colcon.colcon_core.package_identification:_identify(worlds/grasspatches) by extension 'ros'
[0.175s] Level 1:colcon.colcon_core.package_identification:_identify(worlds/grasspatches) by extensions ['cmake', 'python']
[0.175s] Level 1:colcon.colcon_core.package_identification:_identify(worlds/grasspatches) by extension 'cmake'
[0.175s] Level 1:colcon.colcon_core.package_identification:_identify(worlds/grasspatches) by extension 'python'
[0.175s] Level 1:colcon.colcon_core.package_identification:_identify(worlds/grasspatches) by extensions ['python_setup_py']
[0.175s] Level 1:colcon.colcon_core.package_identification:_identify(worlds/grasspatches) by extension 'python_setup_py'
[0.176s] Level 1:colcon.colcon_core.package_identification:_identify(worlds/grasspatches/materials) by extensions ['ignore', 'ignore_ament_install']
[0.176s] Level 1:colcon.colcon_core.package_identification:_identify(worlds/grasspatches/materials) by extension 'ignore'
[0.176s] Level 1:colcon.colcon_core.package_identification:_identify(worlds/grasspatches/materials) by extension 'ignore_ament_install'
[0.176s] Level 1:colcon.colcon_core.package_identification:_identify(worlds/grasspatches/materials) by extensions ['colcon_pkg']
[0.176s] Level 1:colcon.colcon_core.package_identification:_identify(worlds/grasspatches/materials) by extension 'colcon_pkg'
[0.176s] Level 1:colcon.colcon_core.package_identification:_identify(worlds/grasspatches/materials) by extensions ['colcon_meta']
[0.176s] Level 1:colcon.colcon_core.package_identification:_identify(worlds/grasspatches/materials) by extension 'colcon_meta'
[0.176s] Level 1:colcon.colcon_core.package_identification:_identify(worlds/grasspatches/materials) by extensions ['ros']
[0.176s] Level 1:colcon.colcon_core.package_identification:_identify(worlds/grasspatches/materials) by extension 'ros'
[0.176s] Level 1:colcon.colcon_core.package_identification:_identify(worlds/grasspatches/materials) by extensions ['cmake', 'python']
[0.176s] Level 1:colcon.colcon_core.package_identification:_identify(worlds/grasspatches/materials) by extension 'cmake'
[0.176s] Level 1:colcon.colcon_core.package_identification:_identify(worlds/grasspatches/materials) by extension 'python'
[0.176s] Level 1:colcon.colcon_core.package_identification:_identify(worlds/grasspatches/materials) by extensions ['python_setup_py']
[0.176s] Level 1:colcon.colcon_core.package_identification:_identify(worlds/grasspatches/materials) by extension 'python_setup_py'
[0.176s] Level 1:colcon.colcon_core.package_identification:_identify(worlds/grasspatches/materials/textures) by extensions ['ignore', 'ignore_ament_install']
[0.176s] Level 1:colcon.colcon_core.package_identification:_identify(worlds/grasspatches/materials/textures) by extension 'ignore'
[0.176s] Level 1:colcon.colcon_core.package_identification:_identify(worlds/grasspatches/materials/textures) by extension 'ignore_ament_install'
[0.176s] Level 1:colcon.colcon_core.package_identification:_identify(worlds/grasspatches/materials/textures) by extensions ['colcon_pkg']
[0.176s] Level 1:colcon.colcon_core.package_identification:_identify(worlds/grasspatches/materials/textures) by extension 'colcon_pkg'
[0.176s] Level 1:colcon.colcon_core.package_identification:_identify(worlds/grasspatches/materials/textures) by extensions ['colcon_meta']
[0.176s] Level 1:colcon.colcon_core.package_identification:_identify(worlds/grasspatches/materials/textures) by extension 'colcon_meta'
[0.176s] Level 1:colcon.colcon_core.package_identification:_identify(worlds/grasspatches/materials/textures) by extensions ['ros']
[0.176s] Level 1:colcon.colcon_core.package_identification:_identify(worlds/grasspatches/materials/textures) by extension 'ros'
[0.176s] Level 1:colcon.colcon_core.package_identification:_identify(worlds/grasspatches/materials/textures) by extensions ['cmake', 'python']
[0.176s] Level 1:colcon.colcon_core.package_identification:_identify(worlds/grasspatches/materials/textures) by extension 'cmake'
[0.176s] Level 1:colcon.colcon_core.package_identification:_identify(worlds/grasspatches/materials/textures) by extension 'python'
[0.176s] Level 1:colcon.colcon_core.package_identification:_identify(worlds/grasspatches/materials/textures) by extensions ['python_setup_py']
[0.176s] Level 1:colcon.colcon_core.package_identification:_identify(worlds/grasspatches/materials/textures) by extension 'python_setup_py'
[0.176s] Level 1:colcon.colcon_core.package_identification:_identify(worlds/materials) by extensions ['ignore', 'ignore_ament_install']
[0.176s] Level 1:colcon.colcon_core.package_identification:_identify(worlds/materials) by extension 'ignore'
[0.176s] Level 1:colcon.colcon_core.package_identification:_identify(worlds/materials) by extension 'ignore_ament_install'
[0.176s] Level 1:colcon.colcon_core.package_identification:_identify(worlds/materials) by extensions ['colcon_pkg']
[0.176s] Level 1:colcon.colcon_core.package_identification:_identify(worlds/materials) by extension 'colcon_pkg'
[0.176s] Level 1:colcon.colcon_core.package_identification:_identify(worlds/materials) by extensions ['colcon_meta']
[0.176s] Level 1:colcon.colcon_core.package_identification:_identify(worlds/materials) by extension 'colcon_meta'
[0.176s] Level 1:colcon.colcon_core.package_identification:_identify(worlds/materials) by extensions ['ros']
[0.176s] Level 1:colcon.colcon_core.package_identification:_identify(worlds/materials) by extension 'ros'
[0.176s] Level 1:colcon.colcon_core.package_identification:_identify(worlds/materials) by extensions ['cmake', 'python']
[0.176s] Level 1:colcon.colcon_core.package_identification:_identify(worlds/materials) by extension 'cmake'
[0.176s] Level 1:colcon.colcon_core.package_identification:_identify(worlds/materials) by extension 'python'
[0.176s] Level 1:colcon.colcon_core.package_identification:_identify(worlds/materials) by extensions ['python_setup_py']
[0.176s] Level 1:colcon.colcon_core.package_identification:_identify(worlds/materials) by extension 'python_setup_py'
[0.176s] Level 1:colcon.colcon_core.package_identification:_identify(worlds/materials/textures) by extensions ['ignore', 'ignore_ament_install']
[0.177s] Level 1:colcon.colcon_core.package_identification:_identify(worlds/materials/textures) by extension 'ignore'
[0.177s] Level 1:colcon.colcon_core.package_identification:_identify(worlds/materials/textures) by extension 'ignore_ament_install'
[0.177s] Level 1:colcon.colcon_core.package_identification:_identify(worlds/materials/textures) by extensions ['colcon_pkg']
[0.177s] Level 1:colcon.colcon_core.package_identification:_identify(worlds/materials/textures) by extension 'colcon_pkg'
[0.177s] Level 1:colcon.colcon_core.package_identification:_identify(worlds/materials/textures) by extensions ['colcon_meta']
[0.177s] Level 1:colcon.colcon_core.package_identification:_identify(worlds/materials/textures) by extension 'colcon_meta'
[0.177s] Level 1:colcon.colcon_core.package_identification:_identify(worlds/materials/textures) by extensions ['ros']
[0.177s] Level 1:colcon.colcon_core.package_identification:_identify(worlds/materials/textures) by extension 'ros'
[0.177s] Level 1:colcon.colcon_core.package_identification:_identify(worlds/materials/textures) by extensions ['cmake', 'python']
[0.177s] Level 1:colcon.colcon_core.package_identification:_identify(worlds/materials/textures) by extension 'cmake'
[0.177s] Level 1:colcon.colcon_core.package_identification:_identify(worlds/materials/textures) by extension 'python'
[0.177s] Level 1:colcon.colcon_core.package_identification:_identify(worlds/materials/textures) by extensions ['python_setup_py']
[0.177s] Level 1:colcon.colcon_core.package_identification:_identify(worlds/materials/textures) by extension 'python_setup_py'
[0.177s] Level 1:colcon.colcon_core.package_identification:_identify(worlds/meshes) by extensions ['ignore', 'ignore_ament_install']
[0.177s] Level 1:colcon.colcon_core.package_identification:_identify(worlds/meshes) by extension 'ignore'
[0.177s] Level 1:colcon.colcon_core.package_identification:_identify(worlds/meshes) by extension 'ignore_ament_install'
[0.177s] Level 1:colcon.colcon_core.package_identification:_identify(worlds/meshes) by extensions ['colcon_pkg']
[0.177s] Level 1:colcon.colcon_core.package_identification:_identify(worlds/meshes) by extension 'colcon_pkg'
[0.177s] Level 1:colcon.colcon_core.package_identification:_identify(worlds/meshes) by extensions ['colcon_meta']
[0.177s] Level 1:colcon.colcon_core.package_identification:_identify(worlds/meshes) by extension 'colcon_meta'
[0.177s] Level 1:colcon.colcon_core.package_identification:_identify(worlds/meshes) by extensions ['ros']
[0.177s] Level 1:colcon.colcon_core.package_identification:_identify(worlds/meshes) by extension 'ros'
[0.177s] Level 1:colcon.colcon_core.package_identification:_identify(worlds/meshes) by extensions ['cmake', 'python']
[0.177s] Level 1:colcon.colcon_core.package_identification:_identify(worlds/meshes) by extension 'cmake'
[0.177s] Level 1:colcon.colcon_core.package_identification:_identify(worlds/meshes) by extension 'python'
[0.177s] Level 1:colcon.colcon_core.package_identification:_identify(worlds/meshes) by extensions ['python_setup_py']
[0.177s] Level 1:colcon.colcon_core.package_identification:_identify(worlds/meshes) by extension 'python_setup_py'
[0.177s] Level 1:colcon.colcon_core.package_identification:_identify(worlds/pine_trees) by extensions ['ignore', 'ignore_ament_install']
[0.177s] Level 1:colcon.colcon_core.package_identification:_identify(worlds/pine_trees) by extension 'ignore'
[0.178s] Level 1:colcon.colcon_core.package_identification:_identify(worlds/pine_trees) by extension 'ignore_ament_install'
[0.178s] Level 1:colcon.colcon_core.package_identification:_identify(worlds/pine_trees) by extensions ['colcon_pkg']
[0.178s] Level 1:colcon.colcon_core.package_identification:_identify(worlds/pine_trees) by extension 'colcon_pkg'
[0.178s] Level 1:colcon.colcon_core.package_identification:_identify(worlds/pine_trees) by extensions ['colcon_meta']
[0.178s] Level 1:colcon.colcon_core.package_identification:_identify(worlds/pine_trees) by extension 'colcon_meta'
[0.178s] Level 1:colcon.colcon_core.package_identification:_identify(worlds/pine_trees) by extensions ['ros']
[0.178s] Level 1:colcon.colcon_core.package_identification:_identify(worlds/pine_trees) by extension 'ros'
[0.178s] Level 1:colcon.colcon_core.package_identification:_identify(worlds/pine_trees) by extensions ['cmake', 'python']
[0.178s] Level 1:colcon.colcon_core.package_identification:_identify(worlds/pine_trees) by extension 'cmake'
[0.178s] Level 1:colcon.colcon_core.package_identification:_identify(worlds/pine_trees) by extension 'python'
[0.178s] Level 1:colcon.colcon_core.package_identification:_identify(worlds/pine_trees) by extensions ['python_setup_py']
[0.178s] Level 1:colcon.colcon_core.package_identification:_identify(worlds/pine_trees) by extension 'python_setup_py'
[0.178s] Level 1:colcon.colcon_core.package_identification:_identify(worlds/pine_trees/materials) by extensions ['ignore', 'ignore_ament_install']
[0.178s] Level 1:colcon.colcon_core.package_identification:_identify(worlds/pine_trees/materials) by extension 'ignore'
[0.178s] Level 1:colcon.colcon_core.package_identification:_identify(worlds/pine_trees/materials) by extension 'ignore_ament_install'
[0.178s] Level 1:colcon.colcon_core.package_identification:_identify(worlds/pine_trees/materials) by extensions ['colcon_pkg']
[0.178s] Level 1:colcon.colcon_core.package_identification:_identify(worlds/pine_trees/materials) by extension 'colcon_pkg'
[0.178s] Level 1:colcon.colcon_core.package_identification:_identify(worlds/pine_trees/materials) by extensions ['colcon_meta']
[0.178s] Level 1:colcon.colcon_core.package_identification:_identify(worlds/pine_trees/materials) by extension 'colcon_meta'
[0.178s] Level 1:colcon.colcon_core.package_identification:_identify(worlds/pine_trees/materials) by extensions ['ros']
[0.178s] Level 1:colcon.colcon_core.package_identification:_identify(worlds/pine_trees/materials) by extension 'ros'
[0.178s] Level 1:colcon.colcon_core.package_identification:_identify(worlds/pine_trees/materials) by extensions ['cmake', 'python']
[0.178s] Level 1:colcon.colcon_core.package_identification:_identify(worlds/pine_trees/materials) by extension 'cmake'
[0.178s] Level 1:colcon.colcon_core.package_identification:_identify(worlds/pine_trees/materials) by extension 'python'
[0.178s] Level 1:colcon.colcon_core.package_identification:_identify(worlds/pine_trees/materials) by extensions ['python_setup_py']
[0.178s] Level 1:colcon.colcon_core.package_identification:_identify(worlds/pine_trees/materials) by extension 'python_setup_py'
[0.178s] Level 1:colcon.colcon_core.package_identification:_identify(worlds/pine_trees/materials/scripts) by extensions ['ignore', 'ignore_ament_install']
[0.178s] Level 1:colcon.colcon_core.package_identification:_identify(worlds/pine_trees/materials/scripts) by extension 'ignore'
[0.178s] Level 1:colcon.colcon_core.package_identification:_identify(worlds/pine_trees/materials/scripts) by extension 'ignore_ament_install'
[0.178s] Level 1:colcon.colcon_core.package_identification:_identify(worlds/pine_trees/materials/scripts) by extensions ['colcon_pkg']
[0.178s] Level 1:colcon.colcon_core.package_identification:_identify(worlds/pine_trees/materials/scripts) by extension 'colcon_pkg'
[0.178s] Level 1:colcon.colcon_core.package_identification:_identify(worlds/pine_trees/materials/scripts) by extensions ['colcon_meta']
[0.178s] Level 1:colcon.colcon_core.package_identification:_identify(worlds/pine_trees/materials/scripts) by extension 'colcon_meta'
[0.178s] Level 1:colcon.colcon_core.package_identification:_identify(worlds/pine_trees/materials/scripts) by extensions ['ros']
[0.178s] Level 1:colcon.colcon_core.package_identification:_identify(worlds/pine_trees/materials/scripts) by extension 'ros'
[0.178s] Level 1:colcon.colcon_core.package_identification:_identify(worlds/pine_trees/materials/scripts) by extensions ['cmake', 'python']
[0.178s] Level 1:colcon.colcon_core.package_identification:_identify(worlds/pine_trees/materials/scripts) by extension 'cmake'
[0.179s] Level 1:colcon.colcon_core.package_identification:_identify(worlds/pine_trees/materials/scripts) by extension 'python'
[0.179s] Level 1:colcon.colcon_core.package_identification:_identify(worlds/pine_trees/materials/scripts) by extensions ['python_setup_py']
[0.179s] Level 1:colcon.colcon_core.package_identification:_identify(worlds/pine_trees/materials/scripts) by extension 'python_setup_py'
[0.179s] Level 1:colcon.colcon_core.package_identification:_identify(worlds/pine_trees/materials/textures) by extensions ['ignore', 'ignore_ament_install']
[0.179s] Level 1:colcon.colcon_core.package_identification:_identify(worlds/pine_trees/materials/textures) by extension 'ignore'
[0.179s] Level 1:colcon.colcon_core.package_identification:_identify(worlds/pine_trees/materials/textures) by extension 'ignore_ament_install'
[0.179s] Level 1:colcon.colcon_core.package_identification:_identify(worlds/pine_trees/materials/textures) by extensions ['colcon_pkg']
[0.179s] Level 1:colcon.colcon_core.package_identification:_identify(worlds/pine_trees/materials/textures) by extension 'colcon_pkg'
[0.179s] Level 1:colcon.colcon_core.package_identification:_identify(worlds/pine_trees/materials/textures) by extensions ['colcon_meta']
[0.179s] Level 1:colcon.colcon_core.package_identification:_identify(worlds/pine_trees/materials/textures) by extension 'colcon_meta'
[0.179s] Level 1:colcon.colcon_core.package_identification:_identify(worlds/pine_trees/materials/textures) by extensions ['ros']
[0.179s] Level 1:colcon.colcon_core.package_identification:_identify(worlds/pine_trees/materials/textures) by extension 'ros'
[0.179s] Level 1:colcon.colcon_core.package_identification:_identify(worlds/pine_trees/materials/textures) by extensions ['cmake', 'python']
[0.179s] Level 1:colcon.colcon_core.package_identification:_identify(worlds/pine_trees/materials/textures) by extension 'cmake'
[0.179s] Level 1:colcon.colcon_core.package_identification:_identify(worlds/pine_trees/materials/textures) by extension 'python'
[0.179s] Level 1:colcon.colcon_core.package_identification:_identify(worlds/pine_trees/materials/textures) by extensions ['python_setup_py']
[0.179s] Level 1:colcon.colcon_core.package_identification:_identify(worlds/pine_trees/materials/textures) by extension 'python_setup_py'
[0.179s] Level 1:colcon.colcon_core.package_identification:_identify(worlds/pine_trees/meshes) by extensions ['ignore', 'ignore_ament_install']
[0.179s] Level 1:colcon.colcon_core.package_identification:_identify(worlds/pine_trees/meshes) by extension 'ignore'
[0.179s] Level 1:colcon.colcon_core.package_identification:_identify(worlds/pine_trees/meshes) by extension 'ignore_ament_install'
[0.179s] Level 1:colcon.colcon_core.package_identification:_identify(worlds/pine_trees/meshes) by extensions ['colcon_pkg']
[0.179s] Level 1:colcon.colcon_core.package_identification:_identify(worlds/pine_trees/meshes) by extension 'colcon_pkg'
[0.179s] Level 1:colcon.colcon_core.package_identification:_identify(worlds/pine_trees/meshes) by extensions ['colcon_meta']
[0.179s] Level 1:colcon.colcon_core.package_identification:_identify(worlds/pine_trees/meshes) by extension 'colcon_meta'
[0.179s] Level 1:colcon.colcon_core.package_identification:_identify(worlds/pine_trees/meshes) by extensions ['ros']
[0.179s] Level 1:colcon.colcon_core.package_identification:_identify(worlds/pine_trees/meshes) by extension 'ros'
[0.179s] Level 1:colcon.colcon_core.package_identification:_identify(worlds/pine_trees/meshes) by extensions ['cmake', 'python']
[0.179s] Level 1:colcon.colcon_core.package_identification:_identify(worlds/pine_trees/meshes) by extension 'cmake'
[0.179s] Level 1:colcon.colcon_core.package_identification:_identify(worlds/pine_trees/meshes) by extension 'python'
[0.179s] Level 1:colcon.colcon_core.package_identification:_identify(worlds/pine_trees/meshes) by extensions ['python_setup_py']
[0.179s] Level 1:colcon.colcon_core.package_identification:_identify(worlds/pine_trees/meshes) by extension 'python_setup_py'
[0.179s] Level 1:colcon.colcon_core.package_identification:_identify(worlds/pine_trees/thumbnails) by extensions ['ignore', 'ignore_ament_install']
[0.179s] Level 1:colcon.colcon_core.package_identification:_identify(worlds/pine_trees/thumbnails) by extension 'ignore'
[0.179s] Level 1:colcon.colcon_core.package_identification:_identify(worlds/pine_trees/thumbnails) by extension 'ignore_ament_install'
[0.179s] Level 1:colcon.colcon_core.package_identification:_identify(worlds/pine_trees/thumbnails) by extensions ['colcon_pkg']
[0.179s] Level 1:colcon.colcon_core.package_identification:_identify(worlds/pine_trees/thumbnails) by extension 'colcon_pkg'
[0.179s] Level 1:colcon.colcon_core.package_identification:_identify(worlds/pine_trees/thumbnails) by extensions ['colcon_meta']
[0.179s] Level 1:colcon.colcon_core.package_identification:_identify(worlds/pine_trees/thumbnails) by extension 'colcon_meta'
[0.179s] Level 1:colcon.colcon_core.package_identification:_identify(worlds/pine_trees/thumbnails) by extensions ['ros']
[0.179s] Level 1:colcon.colcon_core.package_identification:_identify(worlds/pine_trees/thumbnails) by extension 'ros'
[0.179s] Level 1:colcon.colcon_core.package_identification:_identify(worlds/pine_trees/thumbnails) by extensions ['cmake', 'python']
[0.179s] Level 1:colcon.colcon_core.package_identification:_identify(worlds/pine_trees/thumbnails) by extension 'cmake'
[0.179s] Level 1:colcon.colcon_core.package_identification:_identify(worlds/pine_trees/thumbnails) by extension 'python'
[0.179s] Level 1:colcon.colcon_core.package_identification:_identify(worlds/pine_trees/thumbnails) by extensions ['python_setup_py']
[0.179s] Level 1:colcon.colcon_core.package_identification:_identify(worlds/pine_trees/thumbnails) by extension 'python_setup_py'
[0.180s] Level 1:colcon.colcon_core.package_identification:_identify(x500_depth) by extensions ['ignore', 'ignore_ament_install']
[0.180s] Level 1:colcon.colcon_core.package_identification:_identify(x500_depth) by extension 'ignore'
[0.180s] Level 1:colcon.colcon_core.package_identification:_identify(x500_depth) by extension 'ignore_ament_install'
[0.180s] Level 1:colcon.colcon_core.package_identification:_identify(x500_depth) by extensions ['colcon_pkg']
[0.180s] Level 1:colcon.colcon_core.package_identification:_identify(x500_depth) by extension 'colcon_pkg'
[0.180s] Level 1:colcon.colcon_core.package_identification:_identify(x500_depth) by extensions ['colcon_meta']
[0.180s] Level 1:colcon.colcon_core.package_identification:_identify(x500_depth) by extension 'colcon_meta'
[0.180s] Level 1:colcon.colcon_core.package_identification:_identify(x500_depth) by extensions ['ros']
[0.180s] Level 1:colcon.colcon_core.package_identification:_identify(x500_depth) by extension 'ros'
[0.180s] Level 1:colcon.colcon_core.package_identification:_identify(x500_depth) by extensions ['cmake', 'python']
[0.180s] Level 1:colcon.colcon_core.package_identification:_identify(x500_depth) by extension 'cmake'
[0.180s] Level 1:colcon.colcon_core.package_identification:_identify(x500_depth) by extension 'python'
[0.180s] Level 1:colcon.colcon_core.package_identification:_identify(x500_depth) by extensions ['python_setup_py']
[0.180s] Level 1:colcon.colcon_core.package_identification:_identify(x500_depth) by extension 'python_setup_py'
[0.180s] Level 1:colcon.colcon_core.package_identification:_identify(x500_depth/thumbnails) by extensions ['ignore', 'ignore_ament_install']
[0.180s] Level 1:colcon.colcon_core.package_identification:_identify(x500_depth/thumbnails) by extension 'ignore'
[0.180s] Level 1:colcon.colcon_core.package_identification:_identify(x500_depth/thumbnails) by extension 'ignore_ament_install'
[0.180s] Level 1:colcon.colcon_core.package_identification:_identify(x500_depth/thumbnails) by extensions ['colcon_pkg']
[0.180s] Level 1:colcon.colcon_core.package_identification:_identify(x500_depth/thumbnails) by extension 'colcon_pkg'
[0.180s] Level 1:colcon.colcon_core.package_identification:_identify(x500_depth/thumbnails) by extensions ['colcon_meta']
[0.180s] Level 1:colcon.colcon_core.package_identification:_identify(x500_depth/thumbnails) by extension 'colcon_meta'
[0.180s] Level 1:colcon.colcon_core.package_identification:_identify(x500_depth/thumbnails) by extensions ['ros']
[0.180s] Level 1:colcon.colcon_core.package_identification:_identify(x500_depth/thumbnails) by extension 'ros'
[0.180s] Level 1:colcon.colcon_core.package_identification:_identify(x500_depth/thumbnails) by extensions ['cmake', 'python']
[0.180s] Level 1:colcon.colcon_core.package_identification:_identify(x500_depth/thumbnails) by extension 'cmake'
[0.180s] Level 1:colcon.colcon_core.package_identification:_identify(x500_depth/thumbnails) by extension 'python'
[0.180s] Level 1:colcon.colcon_core.package_identification:_identify(x500_depth/thumbnails) by extensions ['python_setup_py']
[0.180s] Level 1:colcon.colcon_core.package_identification:_identify(x500_depth/thumbnails) by extension 'python_setup_py'
[0.180s] Level 1:colcon.colcon_core.package_discovery:discover_packages(recursive) using defaults
[0.180s] Level 1:colcon.colcon_core.package_discovery:discover_packages(ignore) discover
[0.180s] Level 1:colcon.colcon_core.package_discovery:discover_packages(ignore) using defaults
[0.180s] Level 1:colcon.colcon_core.package_discovery:discover_packages(path) discover
[0.180s] Level 1:colcon.colcon_core.package_discovery:discover_packages(path) using defaults
[0.196s] Level 1:colcon.colcon_core.package_discovery:discover_packages(prefix_path) check parameters
[0.196s] Level 1:colcon.colcon_core.package_discovery:discover_packages(prefix_path) discover
[0.198s] DEBUG:colcon.colcon_installed_package_information.package_discovery:Found 15 installed packages in /home/moonlab/UAV_UGV_Tether/ros2_ws/install
[0.198s] DEBUG:colcon.colcon_installed_package_information.package_discovery:Found 3 installed packages in /home/moonlab/ros2_tutorial_ws/install
[0.198s] DEBUG:colcon.colcon_installed_package_information.package_discovery:Found 1 installed packages in /home/moonlab/ros2_ws/install
[0.199s] DEBUG:colcon.colcon_installed_package_information.package_discovery:Found 338 installed packages in /opt/ros/humble
[0.200s] Level 1:colcon.colcon_core.package_discovery:discover_packages(prefix_path) using defaults
[0.243s] INFO:colcon.colcon_core.executor:Executing jobs using 'parallel' executor
[0.244s] DEBUG:colcon.colcon_parallel_executor.executor.parallel:run_until_complete
[0.244s] DEBUG:colcon.colcon_parallel_executor.executor.parallel:closing loop
[0.244s] DEBUG:colcon.colcon_parallel_executor.executor.parallel:loop closed
[0.244s] DEBUG:colcon.colcon_parallel_executor.executor.parallel:run_until_complete finished with '0'
[0.244s] DEBUG:colcon.colcon_core.event_reactor:joining thread
[0.249s] INFO:colcon.colcon_core.plugin_system:Skipping extension 'colcon_notification.desktop_notification.terminal_notifier': Not used on non-Darwin systems
[0.249s] INFO:colcon.colcon_core.plugin_system:Skipping extension 'colcon_notification.desktop_notification.win32': Not used on non-Windows systems
[0.249s] INFO:colcon.colcon_notification.desktop_notification:Sending desktop notification using 'notify2'
[0.265s] DEBUG:colcon.colcon_core.event_reactor:joined thread
[0.267s] INFO:colcon.colcon_core.plugin_system:Skipping extension 'colcon_core.shell.bat': Not used on non-Windows systems
[0.267s] INFO:colcon.colcon_core.shell:Creating prefix script '/home/moonlab/Desktop/New-Tether/tether_drone_rover_sim-main/install/local_setup.ps1'
[0.268s] INFO:colcon.colcon_core.shell:Creating prefix util module '/home/moonlab/Desktop/New-Tether/tether_drone_rover_sim-main/install/_local_setup_util_ps1.py'
[0.269s] INFO:colcon.colcon_core.shell:Creating prefix chain script '/home/moonlab/Desktop/New-Tether/tether_drone_rover_sim-main/install/setup.ps1'
[0.271s] INFO:colcon.colcon_core.shell:Creating prefix script '/home/moonlab/Desktop/New-Tether/tether_drone_rover_sim-main/install/local_setup.sh'
[0.271s] INFO:colcon.colcon_core.shell:Creating prefix util module '/home/moonlab/Desktop/New-Tether/tether_drone_rover_sim-main/install/_local_setup_util_sh.py'
[0.272s] INFO:colcon.colcon_core.shell:Creating prefix chain script '/home/moonlab/Desktop/New-Tether/tether_drone_rover_sim-main/install/setup.sh'
[0.273s] INFO:colcon.colcon_core.shell:Creating prefix script '/home/moonlab/Desktop/New-Tether/tether_drone_rover_sim-main/install/local_setup.bash'
[0.274s] INFO:colcon.colcon_core.shell:Creating prefix chain script '/home/moonlab/Desktop/New-Tether/tether_drone_rover_sim-main/install/setup.bash'
[0.275s] INFO:colcon.colcon_core.shell:Creating prefix script '/home/moonlab/Desktop/New-Tether/tether_drone_rover_sim-main/install/local_setup.zsh'
[0.278s] INFO:colcon.colcon_core.shell:Creating prefix chain script '/home/moonlab/Desktop/New-Tether/tether_drone_rover_sim-main/install/setup.zsh'
